<?xml version="1.0" encoding="UTF-8"?>
<testsuite name="mx.edu.cetys.software_quality_lab.users.UserControllerIntegrationTest" tests="10" skipped="0" failures="0" errors="0" timestamp="2026-05-15T03:52:47.482Z" hostname="PEPINO" time="1.168">
  <properties/>
  <testcase name="shouldReturn400WhenUsernameIsTooShort()" classname="mx.edu.cetys.software_quality_lab.users.UserControllerIntegrationTest" time="0.096"/>
  <testcase name="shouldReturn404WhenUserNotFound()" classname="mx.edu.cetys.software_quality_lab.users.UserControllerIntegrationTest" time="0.07"/>
  <testcase name="shouldReturn400WhenEmailIsInvalid()" classname="mx.edu.cetys.software_quality_lab.users.UserControllerIntegrationTest" time="0.052"/>
  <testcase name="shouldSuspendUserAndReturn200()" classname="mx.edu.cetys.software_quality_lab.users.UserControllerIntegrationTest" time="0.374"/>
  <testcase name="shouldCreateUserAndReturn201()" classname="mx.edu.cetys.software_quality_lab.users.UserControllerIntegrationTest" time="0.038"/>
  <testcase name="shouldReturn200AndUserWhenFound()" classname="mx.edu.cetys.software_quality_lab.users.UserControllerIntegrationTest" time="0.074"/>
  <testcase name="shouldReturn400WhenSuspendingAlreadySuspendedUser()" classname="mx.edu.cetys.software_quality_lab.users.UserControllerIntegrationTest" time="0.102"/>
  <testcase name="shouldReturn400WhenAgeIsExactlyTwelve()" classname="mx.edu.cetys.software_quality_lab.users.UserControllerIntegrationTest" time="0.046"/>
  <testcase name="shouldReturn409WhenUsernameIsDuplicated()" classname="mx.edu.cetys.software_quality_lab.users.UserControllerIntegrationTest" time="0.061"/>
  <testcase name="shouldReturn400WhenPhoneIsInvalid()" classname="mx.edu.cetys.software_quality_lab.users.UserControllerIntegrationTest" time="0.049"/>
  <system-out><![CDATA[2026-05-14T20:52:47.504-07:00  INFO 23448 --- [    Test worker] [                                                 ] t.c.s.AnnotationConfigContextLoaderUtils : Could not detect default configuration classes for test class [mx.edu.cetys.software_quality_lab.users.UserControllerIntegrationTest]: UserControllerIntegrationTest does not declare any static, non-private, non-final, nested classes annotated with @Configuration.
2026-05-14T20:52:47.628-07:00  INFO 23448 --- [    Test worker] [                                                 ] .b.t.c.SpringBootTestContextBootstrapper : Found @SpringBootConfiguration mx.edu.cetys.software_quality_lab.LaboratorioPruebasDeSoftwareApplication for test class mx.edu.cetys.software_quality_lab.users.UserControllerIntegrationTest
2026-05-14T20:52:47.723-07:00  INFO 23448 --- [    Test worker] [                                                 ] m.e.c.s.users.UserService                : Iniciando registro de usuario, username=abcd
Invalid username
2026-05-14T20:52:47.863-07:00  INFO 23448 --- [    Test worker] [                                                 ] m.e.c.s.users.UserService                : Iniciando registro de usuario, username=abcd
Invalid username
2026-05-14T20:52:47.914-07:00  INFO 23448 --- [    Test worker] [                                                 ] m.e.c.s.users.UserService                : Iniciando registro de usuario, username=juan4_dev
2026-05-14T20:52:48.169-07:00  INFO 23448 --- [    Test worker] [                                                 ] m.e.c.s.users.UserService                : Suspendiendo usuario, id=3
2026-05-14T20:52:48.284-07:00  INFO 23448 --- [    Test worker] [                                                 ] m.e.c.s.users.UserService                : Iniciando registro de usuario, username=juan4_dev
2026-05-14T20:52:48.329-07:00  INFO 23448 --- [    Test worker] [                                                 ] m.e.c.s.users.UserService                : Iniciando registro de usuario, username=juan4_dev
2026-05-14T20:52:48.354-07:00  INFO 23448 --- [    Test worker] [                                                 ] m.e.c.s.users.UserService                : Buscando usuario por ID, id=5
2026-05-14T20:52:48.355-07:00  INFO 23448 --- [    Test worker] [                                                 ] m.e.c.s.users.UserService                : Getting pet by id 5
2026-05-14T20:52:48.415-07:00  INFO 23448 --- [    Test worker] [                                                 ] m.e.c.s.users.UserService                : Iniciando registro de usuario, username=juan4_dev
2026-05-14T20:52:48.441-07:00  INFO 23448 --- [    Test worker] [                                                 ] m.e.c.s.users.UserService                : Suspendiendo usuario, id=6
2026-05-14T20:52:48.460-07:00  INFO 23448 --- [    Test worker] [                                                 ] m.e.c.s.users.UserService                : Suspendiendo usuario, id=6
2026-05-14T20:52:48.518-07:00  INFO 23448 --- [    Test worker] [                                                 ] m.e.c.s.users.UserService                : Iniciando registro de usuario, username=abcd
Invalid username
2026-05-14T20:52:48.563-07:00  INFO 23448 --- [    Test worker] [                                                 ] m.e.c.s.users.UserService                : Iniciando registro de usuario, username=juan4_dev
2026-05-14T20:52:48.634-07:00  INFO 23448 --- [    Test worker] [                                                 ] m.e.c.s.users.UserService                : Iniciando registro de usuario, username=abcd
Invalid username
]]></system-out>
  <system-err><![CDATA[]]></system-err>
</testsuite>
